<?xml version="1.0" encoding="UTF-8"?>
<!-- Generated by org.testng.reporters.JUnitXMLReporter -->
<testsuite ignored="0" hostname="DESKTOP-JS6267T" failures="0" tests="6" name="Default test" time="10.272" errors="0" timestamp="2026-06-03T23:28:31 IST">
  <testcase classname="Day1.Authentication" name="APIKey" time="2.97"/>
  <testcase classname="Day1.Authentication" name="APIKeyWithQueryParam" time="1.303"/>
  <testcase classname="Day1.Authentication" name="BasicAuth1" time="1.655"/>
  <testcase classname="Day1.Authentication" name="BasicAuth2" time="1.504"/>
  <testcase classname="Day1.Authentication" name="BearerAuth" time="1.259"/>
  <testcase classname="Day1.Authentication" name="DigestAuthentication" time="1.527"/>
</testsuite> <!-- Default test -->
