<?xml version="1.0" encoding="UTF-8"?>
<!-- Generated by org.testng.reporters.JUnitReportReporter -->
<testsuite hostname="DESKTOP-JS6267T" failures="0" tests="10" name="Day1.Parameterization" time="10.263" errors="0" timestamp="2026-06-06T15:13:03 IST" skipped="0">
  <testcase classname="Day1.Parameterization" name="userWithDifferentIDS" time="1.151"/>
  <testcase classname="Day1.Parameterization" name="differentEndpointsWithStatuscodes" time="0.631"/>
  <testcase classname="Day1.Parameterization" name="userWithDifferentIDS" time="0.611"/>
  <testcase classname="Day1.Parameterization" name="differentEndpointsWithStatuscodes" time="0.475"/>
  <testcase classname="Day1.Parameterization" name="userWithDifferentIDS" time="0.774"/>
  <testcase classname="Day1.Parameterization" name="userWithDifferentIDS" time="0.529"/>
  <testcase classname="Day1.Parameterization" name="differentEndpointsWithStatuscodes" time="0.714"/>
  <testcase classname="Day1.Parameterization" name="differentEndpointsWithStatuscodes" time="3.277"/>
  <testcase classname="Day1.Parameterization" name="differentEndpointsWithStatuscodes" time="1.665"/>
  <testcase classname="Day1.Parameterization" name="userWithDifferentIDS" time="0.436"/>
</testsuite> <!-- Day1.Parameterization -->
