<?xml version="1.0" encoding="UTF-8"?>
<!-- Generated by org.testng.reporters.JUnitReportReporter -->
<testsuite hostname="DESKTOP-JS6267T" failures="0" tests="9" name="Day1.Authentication" time="17.572" errors="0" timestamp="2026-06-04T23:05:01 IST" skipped="0">
  <testcase classname="Day1.Authentication" name="ReqResRegisterFail" time="0.780"/>
  <testcase classname="Day1.Authentication" name="NoAuthentication" time="1.500"/>
  <testcase classname="Day1.Authentication" name="ReqResRegister" time="1.002"/>
  <testcase classname="Day1.Authentication" name="BasicAuth1" time="2.047"/>
  <testcase classname="Day1.Authentication" name="DigestAuthentication" time="1.846"/>
  <testcase classname="Day1.Authentication" name="BearerAuth" time="1.562"/>
  <testcase classname="Day1.Authentication" name="APIKey" time="5.190"/>
  <testcase classname="Day1.Authentication" name="APIKeyWithQueryParam" time="1.639"/>
  <testcase classname="Day1.Authentication" name="BasicAuth2" time="2.006"/>
</testsuite> <!-- Day1.Authentication -->
