<?xml version="1.0" encoding="UTF-8"?>
<!-- Generated by org.testng.reporters.JUnitReportReporter -->
<testsuite hostname="DESKTOP-JS6267T" failures="0" tests="6" name="Day1.Authentication" time="10.218" errors="0" timestamp="2026-06-03T23:28:31 IST" skipped="0">
  <testcase classname="Day1.Authentication" name="BearerAuth" time="1.259"/>
  <testcase classname="Day1.Authentication" name="BasicAuth1" time="1.655"/>
  <testcase classname="Day1.Authentication" name="DigestAuthentication" time="1.527"/>
  <testcase classname="Day1.Authentication" name="APIKeyWithQueryParam" time="1.303"/>
  <testcase classname="Day1.Authentication" name="BasicAuth2" time="1.504"/>
  <testcase classname="Day1.Authentication" name="APIKey" time="2.970"/>
</testsuite> <!-- Day1.Authentication -->
