<?xml version="1.0" encoding="UTF-8"?>
<!-- Generated by org.testng.reporters.JUnitReportReporter -->
<testsuite hostname="DESKTOP-JS6267T" failures="0" tests="2" name="Day1.JsonSchemaValidation" time="4.624" errors="0" timestamp="2026-06-05T23:25:09 IST" skipped="0">
  <testcase classname="Day1.JsonSchemaValidation" name="ValidateUserSchema" time="0.628"/>
  <testcase classname="Day1.JsonSchemaValidation" name="ValidateSinglePostSchema" time="3.996"/>
</testsuite> <!-- Day1.JsonSchemaValidation -->
